<?xml version="1.0" encoding="UTF-8"?>
<testng-results skipped="0" failed="1" ignored="0" total="2" passed="1">
  <reporter-output>
    <line>
      <![CDATA[Click to see screenshot]]>
    </line>
    <line>
      <![CDATA[<a target = "_blank" href=C:\Users\LENSES UK\IdeaProjects\maven\sample-maven-project/test-output/html/verifyUserShouldNavigateToLoginPage1MonApr13111100BST2020.jpg>Screenshot</a>]]>
    </line>
    <line>
      <![CDATA[<br>]]>
    </line>
    <line>
      <![CDATA[<br>]]>
    </line>
    <line>
      <![CDATA[<a target = "_blank" href=C:\Users\LENSES UK\IdeaProjects\maven\sample-maven-project/test-output/html/verifyUserShouldNavigateToLoginPage1MonApr13111100BST2020.jpg><img src=C:\Users\LENSES UK\IdeaProjects\maven\sample-maven-project/test-output/html/verifyUserShouldNavigateToLoginPage1MonApr13111100BST2020.jpg height=200 width=200></img></a>]]>
    </line>
  </reporter-output>
  <suite name="testsuite" duration-ms="42886" started-at="2020-04-13T10:10:19Z" finished-at="2020-04-13T10:11:02Z">
    <groups>
    </groups>
    <test name="Login Test" duration-ms="23587" started-at="2020-04-13T10:10:19Z" finished-at="2020-04-13T10:10:43Z">
      <class name="com.demo.nopcommerce.testsuite.LogInTest">
        <test-method status="PASS" signature="openBrowser()[pri:0, instance:com.demo.nopcommerce.testsuite.LogInTest@525f1e4e]" name="openBrowser" is-config="true" duration-ms="18763" started-at="2020-04-13T10:10:20Z" finished-at="2020-04-13T10:10:38Z">
          <reporter-output>
          </reporter-output>
        </test-method> <!-- openBrowser -->
        <test-method status="PASS" signature="verifyUserShouldNavigateToLoginPage()[pri:0, instance:com.demo.nopcommerce.testsuite.LogInTest@525f1e4e]" name="verifyUserShouldNavigateToLoginPage" duration-ms="2658" started-at="2020-04-13T10:10:38Z" finished-at="2020-04-13T10:10:41Z">
          <reporter-output>
          </reporter-output>
        </test-method> <!-- verifyUserShouldNavigateToLoginPage -->
        <test-method status="PASS" signature="tearDown()[pri:0, instance:com.demo.nopcommerce.testsuite.LogInTest@525f1e4e]" name="tearDown" is-config="true" duration-ms="2027" started-at="2020-04-13T10:10:41Z" finished-at="2020-04-13T10:10:43Z">
          <reporter-output>
          </reporter-output>
        </test-method> <!-- tearDown -->
      </class> <!-- com.demo.nopcommerce.testsuite.LogInTest -->
    </test> <!-- Login Test -->
    <test name="Login Test1" duration-ms="19197" started-at="2020-04-13T10:10:43Z" finished-at="2020-04-13T10:11:02Z">
      <class name="com.demo.nopcommerce.testsuite.LogInTest1">
        <test-method status="PASS" signature="openBrowser()[pri:0, instance:com.demo.nopcommerce.testsuite.LogInTest1@2893de87]" name="openBrowser" is-config="true" duration-ms="13755" started-at="2020-04-13T10:10:43Z" finished-at="2020-04-13T10:10:57Z">
          <reporter-output>
          </reporter-output>
        </test-method> <!-- openBrowser -->
        <test-method status="FAIL" signature="verifyUserShouldNavigateToLoginPage1()[pri:0, instance:com.demo.nopcommerce.testsuite.LogInTest1@2893de87]" name="verifyUserShouldNavigateToLoginPage1" duration-ms="2338" started-at="2020-04-13T10:10:57Z" finished-at="2020-04-13T10:10:59Z">
          <exception class="java.lang.AssertionError">
            <message>
              <![CDATA[expected [Welcome, Please Sign In!] but found [Welcome, Please Sign Inn!]]]>
            </message>
            <full-stacktrace>
              <![CDATA[java.lang.AssertionError: expected [Welcome, Please Sign In!] but found [Welcome, Please Sign Inn!]
at org.testng.Assert.fail(Assert.java:96)
at org.testng.Assert.failNotEquals(Assert.java:776)
at org.testng.Assert.assertEqualsImpl(Assert.java:137)
at org.testng.Assert.assertEquals(Assert.java:118)
at org.testng.Assert.assertEquals(Assert.java:453)
at org.testng.Assert.assertEquals(Assert.java:463)
at com.demo.nopcommerce.testsuite.LogInTest1.verifyUserShouldNavigateToLoginPage1(LogInTest1.java:24)
at sun.reflect.NativeMethodAccessorImpl.invoke0(Native Method)
at sun.reflect.NativeMethodAccessorImpl.invoke(NativeMethodAccessorImpl.java:62)
at sun.reflect.DelegatingMethodAccessorImpl.invoke(DelegatingMethodAccessorImpl.java:43)
at java.lang.reflect.Method.invoke(Method.java:498)
at org.testng.internal.MethodInvocationHelper.invokeMethod(MethodInvocationHelper.java:124)
at org.testng.internal.Invoker.invokeMethod(Invoker.java:583)
at org.testng.internal.Invoker.invokeTestMethod(Invoker.java:719)
at org.testng.internal.Invoker.invokeTestMethods(Invoker.java:989)
at org.testng.internal.TestMethodWorker.invokeTestMethods(TestMethodWorker.java:125)
at org.testng.internal.TestMethodWorker.run(TestMethodWorker.java:109)
at org.testng.TestRunner.privateRun(TestRunner.java:648)
at org.testng.TestRunner.run(TestRunner.java:505)
at org.testng.SuiteRunner.runTest(SuiteRunner.java:455)
at org.testng.SuiteRunner.runSequentially(SuiteRunner.java:450)
at org.testng.SuiteRunner.privateRun(SuiteRunner.java:415)
at org.testng.SuiteRunner.run(SuiteRunner.java:364)
at org.testng.SuiteRunnerWorker.runSuite(SuiteRunnerWorker.java:52)
at org.testng.SuiteRunnerWorker.run(SuiteRunnerWorker.java:84)
at org.testng.TestNG.runSuitesSequentially(TestNG.java:1208)
at org.testng.TestNG.runSuitesLocally(TestNG.java:1137)
at org.testng.TestNG.runSuites(TestNG.java:1049)
at org.testng.TestNG.run(TestNG.java:1017)
at com.intellij.rt.testng.IDEARemoteTestNG.run(IDEARemoteTestNG.java:66)
at com.intellij.rt.testng.RemoteTestNGStarter.main(RemoteTestNGStarter.java:110)
]]>
            </full-stacktrace>
          </exception> <!-- java.lang.AssertionError -->
          <reporter-output>
            <line>
              <![CDATA[Click to see screenshot]]>
            </line>
            <line>
              <![CDATA[<a target = "_blank" href=C:\Users\LENSES UK\IdeaProjects\maven\sample-maven-project/test-output/html/verifyUserShouldNavigateToLoginPage1MonApr13111100BST2020.jpg>Screenshot</a>]]>
            </line>
            <line>
              <![CDATA[<br>]]>
            </line>
            <line>
              <![CDATA[<br>]]>
            </line>
            <line>
              <![CDATA[<a target = "_blank" href=C:\Users\LENSES UK\IdeaProjects\maven\sample-maven-project/test-output/html/verifyUserShouldNavigateToLoginPage1MonApr13111100BST2020.jpg><img src=C:\Users\LENSES UK\IdeaProjects\maven\sample-maven-project/test-output/html/verifyUserShouldNavigateToLoginPage1MonApr13111100BST2020.jpg height=200 width=200></img></a>]]>
            </line>
          </reporter-output>
        </test-method> <!-- verifyUserShouldNavigateToLoginPage1 -->
        <test-method status="PASS" signature="tearDown()[pri:0, instance:com.demo.nopcommerce.testsuite.LogInTest1@2893de87]" name="tearDown" is-config="true" duration-ms="2446" started-at="2020-04-13T10:11:00Z" finished-at="2020-04-13T10:11:02Z">
          <reporter-output>
          </reporter-output>
        </test-method> <!-- tearDown -->
      </class> <!-- com.demo.nopcommerce.testsuite.LogInTest1 -->
    </test> <!-- Login Test1 -->
  </suite> <!-- testsuite -->
</testng-results>
